<?xml version="1.0" encoding="UTF-8"?>
<!-- Generated by org.testng.reporters.JUnitXMLReporter -->
<testsuite hostname="NB64-219" ignored="0" name="tests with price = 3000" tests="3" failures="0" timestamp="17 Mar 2021 21:18:07 GMT" time="65.708" errors="0">
  <testcase name="testLogin" time="7.521" classname="com.kokokozhina.Tests"/>
  <testcase name="testMaxPriceFilter" time="39.991" classname="com.kokokozhina.Tests"/>
  <testcase name="testFavouritesAndVisitedGoods" time="18.154" classname="com.kokokozhina.Tests"/>
</testsuite> <!-- tests with price = 3000 -->
